2023-03-18T14:51:07.126+09:00  INFO 18356 --- [main] o.m.e.EurekaServerApplication            : The following 1 profile is active: "local"
2023-03-18T14:51:08.007+09:00  INFO 18356 --- [main] o.s.cloud.context.scope.GenericScope     : BeanFactory id=e12ec92d-2836-3eeb-9641-f901557c6854
2023-03-18T14:51:08.252+09:00  INFO 18356 --- [main] o.s.b.w.embedded.tomcat.TomcatWebServer  : Tomcat initialized with port(s): 8761 (http)
2023-03-18T14:51:08.263+09:00  INFO 18356 --- [main] o.apache.catalina.core.StandardService   : Starting service [Tomcat]
2023-03-18T14:51:08.264+09:00  INFO 18356 --- [main] o.apache.catalina.core.StandardEngine    : Starting Servlet engine: [Apache Tomcat/10.1.5]
2023-03-18T14:51:08.378+09:00  INFO 18356 --- [main] o.a.c.c.C.[Tomcat].[localhost].[/]       : Initializing Spring embedded WebApplicationContext
2023-03-18T14:51:08.379+09:00  INFO 18356 --- [main] w.s.c.ServletWebServerApplicationContext : Root WebApplicationContext: initialization completed in 1237 ms
2023-03-18T14:51:09.213+09:00  INFO 18356 --- [main] c.n.d.provider.DiscoveryJerseyProvider   : Using JSON encoding codec LegacyJacksonJson
2023-03-18T14:51:09.215+09:00  INFO 18356 --- [main] c.n.d.provider.DiscoveryJerseyProvider   : Using JSON decoding codec LegacyJacksonJson
2023-03-18T14:51:09.369+09:00  INFO 18356 --- [main] c.n.d.provider.DiscoveryJerseyProvider   : Using XML encoding codec XStreamXml
2023-03-18T14:51:09.369+09:00  INFO 18356 --- [main] c.n.d.provider.DiscoveryJerseyProvider   : Using XML decoding codec XStreamXml
2023-03-18T14:51:10.470+09:00  INFO 18356 --- [main] DiscoveryClientOptionalArgsConfiguration : Eureka HTTP Client uses RestTemplate.
2023-03-18T14:51:10.508+09:00  WARN 18356 --- [main] iguration$LoadBalancerCaffeineWarnLogger : Spring Cloud LoadBalancer is currently working with the default cache. While this cache implementation is useful for development and tests, it's recommended to use Caffeine cache in production.You can switch to using Caffeine cache, by adding it and org.springframework.cache.caffeine.CaffeineCacheManager to the classpath.
2023-03-18T14:51:10.528+09:00  INFO 18356 --- [main] o.s.c.n.eureka.InstanceInfoFactory       : Setting initial instance status as: STARTING
2023-03-18T14:51:10.559+09:00  INFO 18356 --- [main] com.netflix.discovery.DiscoveryClient    : Initializing Eureka in region us-east-1
2023-03-18T14:51:10.559+09:00  INFO 18356 --- [main] com.netflix.discovery.DiscoveryClient    : Client configured to neither register nor query for data.
2023-03-18T14:51:10.569+09:00  INFO 18356 --- [main] com.netflix.discovery.DiscoveryClient    : Discovery Client initialized at timestamp 1679118670568 with initial instances count: 0
2023-03-18T14:51:10.606+09:00  INFO 18356 --- [main] c.n.eureka.DefaultEurekaServerContext    : Initializing ...
2023-03-18T14:51:10.608+09:00  WARN 18356 --- [main] c.n.eureka.cluster.PeerEurekaNodes       : The replica size seems to be empty. Check the route 53 DNS Registry
2023-03-18T14:51:10.624+09:00  INFO 18356 --- [main] c.n.e.registry.AbstractInstanceRegistry  : Finished initializing remote region registries. All known remote regions: []
2023-03-18T14:51:10.625+09:00  INFO 18356 --- [main] c.n.eureka.DefaultEurekaServerContext    : Initialized
2023-03-18T14:51:10.631+09:00  INFO 18356 --- [main] o.s.b.a.e.web.EndpointLinksResolver      : Exposing 17 endpoint(s) beneath base path '/actuator'
2023-03-18T14:51:10.696+09:00  INFO 18356 --- [main] o.s.c.n.e.s.EurekaServiceRegistry        : Registering application EUREKA-SERVER with eureka with status UP
2023-03-18T14:51:10.707+09:00  INFO 18356 --- [Thread-10] o.s.c.n.e.server.EurekaServerBootstrap   : isAws returned false
2023-03-18T14:51:10.707+09:00  INFO 18356 --- [Thread-10] o.s.c.n.e.server.EurekaServerBootstrap   : Initialized server context
2023-03-18T14:51:10.707+09:00  INFO 18356 --- [Thread-10] c.n.e.r.PeerAwareInstanceRegistryImpl    : Got 1 instances from neighboring DS node
2023-03-18T14:51:10.708+09:00  INFO 18356 --- [Thread-10] c.n.e.r.PeerAwareInstanceRegistryImpl    : Renew threshold is: 1
2023-03-18T14:51:10.708+09:00  INFO 18356 --- [Thread-10] c.n.e.r.PeerAwareInstanceRegistryImpl    : Changing status to UP
2023-03-18T14:51:10.722+09:00  INFO 18356 --- [Thread-10] e.s.EurekaServerInitializerConfiguration : Started Eureka Server
2023-03-18T14:51:10.728+09:00  INFO 18356 --- [main] o.s.b.w.embedded.tomcat.TomcatWebServer  : Tomcat started on port(s): 8761 (http) with context path ''
2023-03-18T14:51:10.729+09:00  INFO 18356 --- [main] .s.c.n.e.s.EurekaAutoServiceRegistration : Updating port to 8761
2023-03-18T14:51:10.928+09:00  INFO 18356 --- [main] o.m.e.EurekaServerApplication            : Started EurekaServerApplication in 5.406 seconds (process running for 6.181)
2023-03-18T14:52:10.708+09:00  INFO 18356 --- [Eureka-EvictionTimer] c.n.e.registry.AbstractInstanceRegistry  : Running the evict task with compensationTime 0ms
2023-03-18T14:53:10.721+09:00  INFO 18356 --- [Eureka-EvictionTimer] c.n.e.registry.AbstractInstanceRegistry  : Running the evict task with compensationTime 12ms
2023-03-18T14:54:10.728+09:00  INFO 18356 --- [Eureka-EvictionTimer] c.n.e.registry.AbstractInstanceRegistry  : Running the evict task with compensationTime 7ms
2023-03-18T14:55:10.735+09:00  INFO 18356 --- [Eureka-EvictionTimer] c.n.e.registry.AbstractInstanceRegistry  : Running the evict task with compensationTime 7ms
2023-03-18T14:56:10.747+09:00  INFO 18356 --- [Eureka-EvictionTimer] c.n.e.registry.AbstractInstanceRegistry  : Running the evict task with compensationTime 11ms
2023-03-18T14:57:10.753+09:00  INFO 18356 --- [Eureka-EvictionTimer] c.n.e.registry.AbstractInstanceRegistry  : Running the evict task with compensationTime 6ms
2023-03-18T14:58:10.758+09:00  INFO 18356 --- [Eureka-EvictionTimer] c.n.e.registry.AbstractInstanceRegistry  : Running the evict task with compensationTime 4ms
2023-03-18T14:59:10.764+09:00  INFO 18356 --- [Eureka-EvictionTimer] c.n.e.registry.AbstractInstanceRegistry  : Running the evict task with compensationTime 5ms
2023-03-18T15:00:10.770+09:00  INFO 18356 --- [Eureka-EvictionTimer] c.n.e.registry.AbstractInstanceRegistry  : Running the evict task with compensationTime 6ms
2023-03-18T15:01:05.647+09:00  INFO 18356 --- [http-nio-8761-exec-1] o.a.c.c.C.[Tomcat].[localhost].[/]       : Initializing Spring DispatcherServlet 'dispatcherServlet'
2023-03-18T15:01:05.647+09:00  INFO 18356 --- [http-nio-8761-exec-1] o.s.web.servlet.DispatcherServlet        : Initializing Servlet 'dispatcherServlet'
2023-03-18T15:01:05.649+09:00  INFO 18356 --- [http-nio-8761-exec-1] o.s.web.servlet.DispatcherServlet        : Completed initialization in 1 ms
2023-03-18T15:01:05.858+09:00  INFO 18356 --- [http-nio-8761-exec-2] c.n.e.registry.AbstractInstanceRegistry  : Registered instance AUTHENTICATION-SERVER/DESKTOP-4VPH1H9:authentication-server:8900 with status UP (replication=false)
2023-03-18T15:01:07.115+09:00  INFO 18356 --- [http-nio-8761-exec-3] c.n.e.registry.AbstractInstanceRegistry  : Registered instance AUTHENTICATION-SERVER/DESKTOP-4VPH1H9:authentication-server:8900 with status DOWN (replication=false)
2023-03-18T15:01:10.166+09:00  INFO 18356 --- [http-nio-8761-exec-4] c.n.e.registry.AbstractInstanceRegistry  : Cancelled instance AUTHENTICATION-SERVER/DESKTOP-4VPH1H9:authentication-server:8900 (replication=false)
2023-03-18T15:01:10.619+09:00  WARN 18356 --- [Eureka-PeerNodesUpdater] c.n.eureka.cluster.PeerEurekaNodes       : The replica size seems to be empty. Check the route 53 DNS Registry
2023-03-18T15:01:10.770+09:00  INFO 18356 --- [Eureka-EvictionTimer] c.n.e.registry.AbstractInstanceRegistry  : Running the evict task with compensationTime 0ms
2023-03-18T15:01:35.450+09:00  INFO 18356 --- [http-nio-8761-exec-8] c.n.e.registry.AbstractInstanceRegistry  : Registered instance AUTHENTICATION-SERVER/DESKTOP-4VPH1H9:authentication-server:8900 with status UP (replication=false)
2023-03-18T15:01:41.123+09:00  INFO 18356 --- [http-nio-8761-exec-9] c.n.e.registry.AbstractInstanceRegistry  : Registered instance AUTHENTICATION-SERVER/DESKTOP-4VPH1H9:authentication-server:8900 with status DOWN (replication=false)
2023-03-18T15:01:57.487+09:00  INFO 18356 --- [http-nio-8761-exec-3] c.n.e.registry.AbstractInstanceRegistry  : Registered instance AUTHENTICATION-SERVER/DESKTOP-4VPH1H9:authentication-server:8900 with status UP (replication=false)
2023-03-18T15:02:10.778+09:00  INFO 18356 --- [Eureka-EvictionTimer] c.n.e.registry.AbstractInstanceRegistry  : Running the evict task with compensationTime 8ms
2023-03-18T15:02:14.165+09:00  INFO 18356 --- [http-nio-8761-exec-4] c.n.e.registry.AbstractInstanceRegistry  : Registered instance AUTHENTICATION-SERVER/DESKTOP-4VPH1H9:authentication-server:8900 with status DOWN (replication=false)
2023-03-18T15:02:17.203+09:00  INFO 18356 --- [http-nio-8761-exec-6] c.n.e.registry.AbstractInstanceRegistry  : Cancelled instance AUTHENTICATION-SERVER/DESKTOP-4VPH1H9:authentication-server:8900 (replication=false)
2023-03-18T15:02:42.001+09:00  INFO 18356 --- [http-nio-8761-exec-9] c.n.e.registry.AbstractInstanceRegistry  : Registered instance AUTHENTICATION-SERVER/DESKTOP-4VPH1H9:authentication-server:8900 with status UP (replication=false)
2023-03-18T15:03:10.779+09:00  INFO 18356 --- [Eureka-EvictionTimer] c.n.e.registry.AbstractInstanceRegistry  : Running the evict task with compensationTime 0ms
2023-03-18T15:04:10.779+09:00  INFO 18356 --- [Eureka-EvictionTimer] c.n.e.registry.AbstractInstanceRegistry  : Running the evict task with compensationTime 0ms
2023-03-18T15:05:10.791+09:00  INFO 18356 --- [Eureka-EvictionTimer] c.n.e.registry.AbstractInstanceRegistry  : Running the evict task with compensationTime 12ms
2023-03-18T15:06:10.624+09:00  INFO 18356 --- [ReplicaAwareInstanceRegistry - RenewalThresholdUpdater] c.n.e.r.PeerAwareInstanceRegistryImpl    : Current renewal threshold is : 3
2023-03-18T15:06:10.791+09:00  INFO 18356 --- [Eureka-EvictionTimer] c.n.e.registry.AbstractInstanceRegistry  : Running the evict task with compensationTime 0ms
2023-03-18T15:07:10.793+09:00  INFO 18356 --- [Eureka-EvictionTimer] c.n.e.registry.AbstractInstanceRegistry  : Running the evict task with compensationTime 2ms
2023-03-18T15:08:10.794+09:00  INFO 18356 --- [Eureka-EvictionTimer] c.n.e.registry.AbstractInstanceRegistry  : Running the evict task with compensationTime 0ms
2023-03-18T15:09:10.805+09:00  INFO 18356 --- [Eureka-EvictionTimer] c.n.e.registry.AbstractInstanceRegistry  : Running the evict task with compensationTime 11ms
2023-03-18T15:10:10.807+09:00  INFO 18356 --- [Eureka-EvictionTimer] c.n.e.registry.AbstractInstanceRegistry  : Running the evict task with compensationTime 2ms
2023-03-18T15:11:10.631+09:00  WARN 18356 --- [Eureka-PeerNodesUpdater] c.n.eureka.cluster.PeerEurekaNodes       : The replica size seems to be empty. Check the route 53 DNS Registry
2023-03-18T15:11:10.815+09:00  INFO 18356 --- [Eureka-EvictionTimer] c.n.e.registry.AbstractInstanceRegistry  : Running the evict task with compensationTime 7ms
2023-03-18T15:12:10.820+09:00  INFO 18356 --- [Eureka-EvictionTimer] c.n.e.registry.AbstractInstanceRegistry  : Running the evict task with compensationTime 4ms
2023-03-18T15:13:10.823+09:00  INFO 18356 --- [Eureka-EvictionTimer] c.n.e.registry.AbstractInstanceRegistry  : Running the evict task with compensationTime 2ms
2023-03-18T15:14:10.823+09:00  INFO 18356 --- [Eureka-EvictionTimer] c.n.e.registry.AbstractInstanceRegistry  : Running the evict task with compensationTime 0ms
2023-03-18T15:15:10.823+09:00  INFO 18356 --- [Eureka-EvictionTimer] c.n.e.registry.AbstractInstanceRegistry  : Running the evict task with compensationTime 0ms
2023-03-18T15:16:10.835+09:00  INFO 18356 --- [Eureka-EvictionTimer] c.n.e.registry.AbstractInstanceRegistry  : Running the evict task with compensationTime 12ms
2023-03-18T15:17:10.845+09:00  INFO 18356 --- [Eureka-EvictionTimer] c.n.e.registry.AbstractInstanceRegistry  : Running the evict task with compensationTime 10ms
2023-03-18T15:17:37.576+09:00  INFO 18356 --- [http-nio-8761-exec-9] c.n.e.registry.AbstractInstanceRegistry  : Registered instance AUTHENTICATION-SERVER/DESKTOP-4VPH1H9:authentication-server:8900 with status DOWN (replication=false)
2023-03-18T15:17:40.616+09:00  INFO 18356 --- [http-nio-8761-exec-8] c.n.e.registry.AbstractInstanceRegistry  : Cancelled instance AUTHENTICATION-SERVER/DESKTOP-4VPH1H9:authentication-server:8900 (replication=false)
2023-03-18T15:17:41.094+09:00  INFO 18356 --- [RMI TCP Connection(33)-127.0.0.1] inMXBeanRegistrar$SpringApplicationAdmin : Application shutdown requested.
2023-03-18T15:17:41.096+09:00  INFO 18356 --- [RMI TCP Connection(33)-127.0.0.1] o.s.c.n.e.s.EurekaServiceRegistry        : Unregistering application EUREKA-SERVER with eureka with status DOWN
2023-03-18T15:17:41.098+09:00  INFO 18356 --- [RMI TCP Connection(35)-127.0.0.1] inMXBeanRegistrar$SpringApplicationAdmin : Application shutdown requested.
2023-03-18T15:17:41.098+09:00  INFO 18356 --- [RMI TCP Connection(34)-127.0.0.1] inMXBeanRegistrar$SpringApplicationAdmin : Application shutdown requested.
2023-03-18T15:17:41.102+09:00  INFO 18356 --- [RMI TCP Connection(36)-127.0.0.1] inMXBeanRegistrar$SpringApplicationAdmin : Application shutdown requested.
2023-03-18T15:17:41.116+09:00  INFO 18356 --- [RMI TCP Connection(33)-127.0.0.1] o.apache.catalina.core.StandardService   : Stopping service [Tomcat]
2023-03-18T15:17:41.118+09:00  INFO 18356 --- [RMI TCP Connection(33)-127.0.0.1] o.a.c.c.C.[Tomcat].[localhost].[/]       : Destroying Spring FrameworkServlet 'dispatcherServlet'
2023-03-18T15:17:41.131+09:00  INFO 18356 --- [RMI TCP Connection(33)-127.0.0.1] o.s.c.n.e.server.EurekaServerBootstrap   : Shutting down Eureka Server..
2023-03-18T15:17:41.138+09:00  INFO 18356 --- [RMI TCP Connection(33)-127.0.0.1] c.n.eureka.DefaultEurekaServerContext    : Shutting down ...
2023-03-18T15:17:41.147+09:00  INFO 18356 --- [RMI TCP Connection(33)-127.0.0.1] c.n.eureka.DefaultEurekaServerContext    : Shut down
2023-03-18T15:17:41.147+09:00  INFO 18356 --- [RMI TCP Connection(33)-127.0.0.1] o.s.c.n.e.server.EurekaServerBootstrap   : Eureka Service is now shutdown...
2023-03-18T15:17:41.147+09:00  INFO 18356 --- [RMI TCP Connection(33)-127.0.0.1] c.n.eureka.DefaultEurekaServerContext    : Shutting down ...
2023-03-18T15:17:41.153+09:00  INFO 18356 --- [RMI TCP Connection(33)-127.0.0.1] c.n.eureka.DefaultEurekaServerContext    : Shut down
2023-03-18T15:17:41.158+09:00  INFO 18356 --- [RMI TCP Connection(33)-127.0.0.1] com.netflix.discovery.DiscoveryClient    : Shutting down DiscoveryClient ...
2023-03-18T15:17:41.159+09:00  INFO 18356 --- [RMI TCP Connection(33)-127.0.0.1] com.netflix.discovery.DiscoveryClient    : Completed shut down of DiscoveryClient
